app/build/intermediates/manifest_merge_blame_file/debug/manifest-merger-blame-debug-report.txt
1<?xml version="1.0" encoding="utf-8"?>
2<manifest xmlns:android="http://schemas.android.com/apk/res/android"
3    package="com.app.showflix"
4    android:versionCode="1"
5    android:versionName="1.0" >
6
7    <uses-sdk
8        android:minSdkVersion="16"
8-->src/main/AndroidManifest.xml
9        android:targetSdkVersion="29" />
9-->src/main/AndroidManifest.xml
10
11    <uses-permission android:name="android.permission.INTERNET" />
11-->src/main/AndroidManifest.xml:5:5-67
11-->src/main/AndroidManifest.xml:5:22-64
12    <uses-permission android:name="android.permission.ACCESS_NETWORK_STATE" />
12-->src/main/AndroidManifest.xml:6:5-79
12-->src/main/AndroidManifest.xml:6:22-76
13
14    <application
14-->src/main/AndroidManifest.xml:9:5-37:19
15        android:allowBackup="true"
15-->src/main/AndroidManifest.xml:10:9-35
16        android:appComponentFactory="androidx.core.app.CoreComponentFactory"
16-->[androidx.core:core:1.1.0] AndroidManifest.xml:24:18-86
17        android:debuggable="true"
18        android:icon="@mipmap/ic_launcher"
18-->src/main/AndroidManifest.xml:11:9-43
19        android:label="@string/app_name"
19-->src/main/AndroidManifest.xml:12:9-41
20        android:roundIcon="@mipmap/ic_launcher_round"
20-->src/main/AndroidManifest.xml:13:9-54
21        android:supportsRtl="true"
21-->src/main/AndroidManifest.xml:14:9-35
22        android:testOnly="true"
23        android:theme="@style/AppTheme" >
23-->src/main/AndroidManifest.xml:15:9-40
24        <activity android:name="com.app.showflix.view.activities.movie.MainActivity" >
24-->src/main/AndroidManifest.xml:16:9-22:20
24-->src/main/AndroidManifest.xml:16:19-69
25            <intent-filter>
25-->src/main/AndroidManifest.xml:17:13-21:29
26                <action android:name="android.intent.action.MAIN" />
26-->src/main/AndroidManifest.xml:18:17-69
26-->src/main/AndroidManifest.xml:18:25-66
27
28                <category android:name="android.intent.category.LAUNCHER" />
28-->src/main/AndroidManifest.xml:20:17-77
28-->src/main/AndroidManifest.xml:20:27-74
29            </intent-filter>
30        </activity>
31        <activity android:name="com.app.showflix.view.activities.movie.PopularMovieDetailActivity" />
31-->src/main/AndroidManifest.xml:24:9-85
31-->src/main/AndroidManifest.xml:24:19-83
32        <activity android:name="com.app.showflix.view.activities.people.PopularPeopleDetailActivity" />
32-->src/main/AndroidManifest.xml:25:9-87
32-->src/main/AndroidManifest.xml:25:19-85
33        <activity android:name="com.app.showflix.view.activities.tv.PopularTvDetailActivity" />
33-->src/main/AndroidManifest.xml:26:9-79
33-->src/main/AndroidManifest.xml:26:19-77
34
35        <!-- The below code is for android OS version below N -->
36        <receiver
36-->src/main/AndroidManifest.xml:30:9-36:20
37            android:name="com.app.showflix.utils.connectivity.ConnectivityReceiver"
37-->src/main/AndroidManifest.xml:31:13-68
38            android:enabled="true" >
38-->src/main/AndroidManifest.xml:32:13-35
39            <intent-filter>
39-->src/main/AndroidManifest.xml:33:13-35:29
40                <action android:name="android.net.conn.CONNECTIVITY_CHANGE" />
40-->src/main/AndroidManifest.xml:34:17-79
40-->src/main/AndroidManifest.xml:34:25-76
41            </intent-filter>
42        </receiver>
43
44        <service
44-->[androidx.room:room-runtime:2.2.0-rc01] AndroidManifest.xml:25:9-27:40
45            android:name="androidx.room.MultiInstanceInvalidationService"
45-->[androidx.room:room-runtime:2.2.0-rc01] AndroidManifest.xml:26:13-74
46            android:exported="false" />
46-->[androidx.room:room-runtime:2.2.0-rc01] AndroidManifest.xml:27:13-37
47
48        <provider
48-->[androidx.lifecycle:lifecycle-process:2.0.0] AndroidManifest.xml:23:9-27:43
49            android:name="androidx.lifecycle.ProcessLifecycleOwnerInitializer"
49-->[androidx.lifecycle:lifecycle-process:2.0.0] AndroidManifest.xml:24:13-79
50            android:authorities="com.app.showflix.lifecycle-process"
50-->[androidx.lifecycle:lifecycle-process:2.0.0] AndroidManifest.xml:25:13-69
51            android:exported="false"
51-->[androidx.lifecycle:lifecycle-process:2.0.0] AndroidManifest.xml:26:13-37
52            android:multiprocess="true" />
52-->[androidx.lifecycle:lifecycle-process:2.0.0] AndroidManifest.xml:27:13-40
53    </application>
54
55</manifest>